<?xml version="1.0" encoding="UTF-8"?>
<!-- Generated by org.testng.reporters.JUnitXMLReporter -->
<testsuite ignored="0" hostname="LAPTOP-E30B3JSK" failures="0" tests="2" name="ErrorValidations" time="7.494" errors="0" timestamp="2025-03-23T23:37:19 IST">
  <testcase classname="com.example.ErrorValidations" name="loginErrorValidation" time="0.649"/>
  <testcase classname="com.example.ErrorValidations" name="productErrorValidation" time="0.0">
    <skipped/>
  </testcase> <!-- productErrorValidation -->
</testsuite> <!-- ErrorValidations -->
