<?xml version="1.0" encoding="UTF-8"?>
<testng-results ignored="0" total="1" passed="1" failed="0" skipped="0">
  <reporter-output>
  </reporter-output>
  <suite started-at="2025-04-21T02:09:09 IST" name="MySuite" finished-at="2025-04-21T02:09:13 IST" duration-ms="4602">
    <groups>
    </groups>
    <test started-at="2025-04-21T02:09:09 IST" name="FrameTest" finished-at="2025-04-21T02:09:13 IST" duration-ms="4602">
      <class name="com.example.NestedFrames">
        <test-method signature="FrameTest()[pri:0, instance:com.example.NestedFrames@1ee807c6]" started-at="2025-04-21T02:09:09 IST" name="FrameTest" finished-at="2025-04-21T02:09:13 IST" duration-ms="4534" status="PASS">
          <reporter-output>
          </reporter-output>
        </test-method> <!-- FrameTest -->
      </class> <!-- com.example.NestedFrames -->
    </test> <!-- FrameTest -->
  </suite> <!-- MySuite -->
</testng-results>
